Analysis & Synthesis report for COExp
Tue Sep 13 21:46:49 2022
Quartus II Version 9.1 Build 350 03/24/2010 Service Pack 2 SJ Web Edition


---------------------
; Table of Contents ;
---------------------
  1. Legal Notice
  2. Analysis & Synthesis Summary
  3. Analysis & Synthesis Settings
  4. Parallel Compilation
  5. Analysis & Synthesis Source Files Read
  6. Analysis & Synthesis Resource Usage Summary
  7. Analysis & Synthesis Resource Utilization by Entity
  8. General Register Statistics
  9. Parameter Settings for User Entity Instance: lpm_mux3:inst6|lpm_mux:lpm_mux_component
 10. Parameter Settings for User Entity Instance: Dff_8bit:inst1|lpm_dff0:inst|lpm_ff:lpm_ff_component
 11. Parameter Settings for User Entity Instance: lpm_decode0:inst|lpm_decode:lpm_decode_component
 12. Parameter Settings for User Entity Instance: Dff_8bit:inst2|lpm_dff0:inst|lpm_ff:lpm_ff_component
 13. Parameter Settings for User Entity Instance: Dff_8bit:inst4|lpm_dff0:inst|lpm_ff:lpm_ff_component
 14. Parameter Settings for User Entity Instance: Dff_8bit:inst5|lpm_dff0:inst|lpm_ff:lpm_ff_component
 15. Analysis & Synthesis Messages



----------------
; Legal Notice ;
----------------
Copyright (C) 1991-2010 Altera Corporation
Your use of Altera Corporation's design tools, logic functions 
and other software and tools, and its AMPP partner logic 
functions, and any output files from any of the foregoing 
(including device programming or simulation files), and any 
associated documentation or information are expressly subject 
to the terms and conditions of the Altera Program License 
Subscription Agreement, Altera MegaCore Function License 
Agreement, or other applicable license agreement, including, 
without limitation, that your use is for the sole purpose of 
programming logic devices manufactured by Altera and sold by 
Altera or its authorized distributors.  Please refer to the 
applicable agreement for further details.



+-----------------------------------------------------------------------------------+
; Analysis & Synthesis Summary                                                      ;
+------------------------------------+----------------------------------------------+
; Analysis & Synthesis Status        ; Successful - Tue Sep 13 21:46:49 2022        ;
; Quartus II Version                 ; 9.1 Build 350 03/24/2010 SP 2 SJ Web Edition ;
; Revision Name                      ; COExp                                        ;
; Top-level Entity Name              ; REGs                                         ;
; Family                             ; Cyclone III                                  ;
; Total logic elements               ; 52                                           ;
;     Total combinational functions  ; 20                                           ;
;     Dedicated logic registers      ; 32                                           ;
; Total registers                    ; 32                                           ;
; Total pins                         ; 23                                           ;
; Total virtual pins                 ; 0                                            ;
; Total memory bits                  ; 0                                            ;
; Embedded Multiplier 9-bit elements ; 0                                            ;
; Total PLLs                         ; 0                                            ;
+------------------------------------+----------------------------------------------+


+----------------------------------------------------------------------------------------------------------------------+
; Analysis & Synthesis Settings                                                                                        ;
+----------------------------------------------------------------------------+--------------------+--------------------+
; Option                                                                     ; Setting            ; Default Value      ;
+----------------------------------------------------------------------------+--------------------+--------------------+
; Device                                                                     ; EP3C16Q240C8       ;                    ;
; Top-level entity name                                                      ; REGs               ; COExp              ;
; Family name                                                                ; Cyclone III        ; Stratix II         ;
; Use Generated Physical Constraints File                                    ; Off                ;                    ;
; Use smart compilation                                                      ; Off                ; Off                ;
; Enable parallel Assembler and TimeQuest Timing Analyzer during compilation ; On                 ; On                 ;
; Enable compact report table                                                ; Off                ; Off                ;
; Restructure Multiplexers                                                   ; Auto               ; Auto               ;
; Create Debugging Nodes for IP Cores                                        ; Off                ; Off                ;
; Preserve fewer node names                                                  ; On                 ; On                 ;
; Disable OpenCore Plus hardware evaluation                                  ; Off                ; Off                ;
; Verilog Version                                                            ; Verilog_2001       ; Verilog_2001       ;
; VHDL Version                                                               ; VHDL_1993          ; VHDL_1993          ;
; State Machine Processing                                                   ; Auto               ; Auto               ;
; Safe State Machine                                                         ; Off                ; Off                ;
; Extract Verilog State Machines                                             ; On                 ; On                 ;
; Extract VHDL State Machines                                                ; On                 ; On                 ;
; Ignore Verilog initial constructs                                          ; Off                ; Off                ;
; Iteration limit for constant Verilog loops                                 ; 5000               ; 5000               ;
; Iteration limit for non-constant Verilog loops                             ; 250                ; 250                ;
; Add Pass-Through Logic to Inferred RAMs                                    ; On                 ; On                 ;
; Parallel Synthesis                                                         ; On                 ; On                 ;
; DSP Block Balancing                                                        ; Auto               ; Auto               ;
; NOT Gate Push-Back                                                         ; On                 ; On                 ;
; Power-Up Don't Care                                                        ; On                 ; On                 ;
; Remove Redundant Logic Cells                                               ; Off                ; Off                ;
; Remove Duplicate Registers                                                 ; On                 ; On                 ;
; Ignore CARRY Buffers                                                       ; Off                ; Off                ;
; Ignore CASCADE Buffers                                                     ; Off                ; Off                ;
; Ignore GLOBAL Buffers                                                      ; Off                ; Off                ;
; Ignore ROW GLOBAL Buffers                                                  ; Off                ; Off                ;
; Ignore LCELL Buffers                                                       ; Off                ; Off                ;
; Ignore SOFT Buffers                                                        ; On                 ; On                 ;
; Limit AHDL Integers to 32 Bits                                             ; Off                ; Off                ;
; Optimization Technique                                                     ; Balanced           ; Balanced           ;
; Carry Chain Length                                                         ; 70                 ; 70                 ;
; Auto Carry Chains                                                          ; On                 ; On                 ;
; Auto Open-Drain Pins                                                       ; On                 ; On                 ;
; Perform WYSIWYG Primitive Resynthesis                                      ; Off                ; Off                ;
; Auto ROM Replacement                                                       ; On                 ; On                 ;
; Auto RAM Replacement                                                       ; On                 ; On                 ;
; Auto DSP Block Replacement                                                 ; On                 ; On                 ;
; Auto Shift Register Replacement                                            ; Auto               ; Auto               ;
; Auto Clock Enable Replacement                                              ; On                 ; On                 ;
; Strict RAM Replacement                                                     ; Off                ; Off                ;
; Allow Synchronous Control Signals                                          ; On                 ; On                 ;
; Force Use of Synchronous Clear Signals                                     ; Off                ; Off                ;
; Auto RAM Block Balancing                                                   ; On                 ; On                 ;
; Auto RAM to Logic Cell Conversion                                          ; Off                ; Off                ;
; Auto Resource Sharing                                                      ; Off                ; Off                ;
; Allow Any RAM Size For Recognition                                         ; Off                ; Off                ;
; Allow Any ROM Size For Recognition                                         ; Off                ; Off                ;
; Allow Any Shift Register Size For Recognition                              ; Off                ; Off                ;
; Use LogicLock Constraints during Resource Balancing                        ; On                 ; On                 ;
; Ignore translate_off and synthesis_off directives                          ; Off                ; Off                ;
; Timing-Driven Synthesis                                                    ; On                 ; On                 ;
; Show Parameter Settings Tables in Synthesis Report                         ; On                 ; On                 ;
; Ignore Maximum Fan-Out Assignments                                         ; Off                ; Off                ;
; Synchronization Register Chain Length                                      ; 2                  ; 2                  ;
; PowerPlay Power Optimization                                               ; Normal compilation ; Normal compilation ;
; HDL message level                                                          ; Level2             ; Level2             ;
; Suppress Register Optimization Related Messages                            ; Off                ; Off                ;
; Number of Removed Registers Reported in Synthesis Report                   ; 5000               ; 5000               ;
; Number of Inverted Registers Reported in Synthesis Report                  ; 100                ; 100                ;
; Clock MUX Protection                                                       ; On                 ; On                 ;
; Auto Gated Clock Conversion                                                ; Off                ; Off                ;
; Block Design Naming                                                        ; Auto               ; Auto               ;
; SDC constraint protection                                                  ; Off                ; Off                ;
; Synthesis Effort                                                           ; Auto               ; Auto               ;
; Shift Register Replacement - Allow Asynchronous Clear Signal               ; On                 ; On                 ;
; Analysis & Synthesis Message Level                                         ; Medium             ; Medium             ;
; Disable Register Merging Across Hierarchies                                ; Auto               ; Auto               ;
; Resource Aware Inference For Block RAM                                     ; On                 ; On                 ;
+----------------------------------------------------------------------------+--------------------+--------------------+


Parallel compilation was disabled, but you have multiple processors available. Enable parallel compilation to reduce compilation time.
+-------------------------------------+
; Parallel Compilation                ;
+----------------------------+--------+
; Processors                 ; Number ;
+----------------------------+--------+
; Number detected on machine ; 16     ;
; Maximum allowed            ; 1      ;
+----------------------------+--------+


+---------------------------------------------------------------------------------------------------------------------------------------------------------------------------------------+
; Analysis & Synthesis Source Files Read                                                                                                                                                ;
+----------------------------------+-----------------+------------------------------------+---------------------------------------------------------------------------------------------+
; File Name with User-Entered Path ; Used in Netlist ; File Type                          ; File Name with Absolute Path                                                                ;
+----------------------------------+-----------------+------------------------------------+---------------------------------------------------------------------------------------------+
; Dff_8bit.bdf                     ; yes             ; User Block Diagram/Schematic File  ; E:/Computer Component Experiments/Dff_8bit.bdf                                              ;
; REGs.bdf                         ; yes             ; User Block Diagram/Schematic File  ; E:/Computer Component Experiments/REGs.bdf                                                  ;
; lpm_mux3.tdf                     ; yes             ; Auto-Found Wizard-Generated File   ; E:/Computer Component Experiments/lpm_mux3.tdf                                              ;
; lpm_mux.inc                      ; yes             ; Auto-Found AHDL File               ; d:/dianluruanjian-weishenmebunengyouzhongwen/quartus/libraries/megafunctions/lpm_mux.inc    ;
; lpm_mux.tdf                      ; yes             ; Megafunction                       ; d:/dianluruanjian-weishenmebunengyouzhongwen/quartus/libraries/megafunctions/lpm_mux.tdf    ;
; db/mux_8qc.tdf                   ; yes             ; Auto-Generated Megafunction        ; E:/Computer Component Experiments/db/mux_8qc.tdf                                            ;
; lpm_dff0.tdf                     ; yes             ; Auto-Found Wizard-Generated File   ; E:/Computer Component Experiments/lpm_dff0.tdf                                              ;
; lpm_ff.inc                       ; yes             ; Auto-Found AHDL File               ; d:/dianluruanjian-weishenmebunengyouzhongwen/quartus/libraries/megafunctions/lpm_ff.inc     ;
; lpm_ff.tdf                       ; yes             ; Megafunction                       ; d:/dianluruanjian-weishenmebunengyouzhongwen/quartus/libraries/megafunctions/lpm_ff.tdf     ;
; lpm_decode0.tdf                  ; yes             ; Auto-Found Wizard-Generated File   ; E:/Computer Component Experiments/lpm_decode0.tdf                                           ;
; lpm_decode.inc                   ; yes             ; Auto-Found AHDL File               ; d:/dianluruanjian-weishenmebunengyouzhongwen/quartus/libraries/megafunctions/lpm_decode.inc ;
; lpm_decode.tdf                   ; yes             ; Megafunction                       ; d:/dianluruanjian-weishenmebunengyouzhongwen/quartus/libraries/megafunctions/lpm_decode.tdf ;
; db/decode_7uf.tdf                ; yes             ; Auto-Generated Megafunction        ; E:/Computer Component Experiments/db/decode_7uf.tdf                                         ;
+----------------------------------+-----------------+------------------------------------+---------------------------------------------------------------------------------------------+


+---------------------------------------------------------+
; Analysis & Synthesis Resource Usage Summary             ;
+---------------------------------------------+-----------+
; Resource                                    ; Usage     ;
+---------------------------------------------+-----------+
; Estimated Total logic elements              ; 52        ;
;                                             ;           ;
; Total combinational functions               ; 20        ;
; Logic element usage by number of LUT inputs ;           ;
;     -- 4 input functions                    ; 16        ;
;     -- 3 input functions                    ; 4         ;
;     -- <=2 input functions                  ; 0         ;
;                                             ;           ;
; Logic elements by mode                      ;           ;
;     -- normal mode                          ; 20        ;
;     -- arithmetic mode                      ; 0         ;
;                                             ;           ;
; Total registers                             ; 32        ;
;     -- Dedicated logic registers            ; 32        ;
;     -- I/O registers                        ; 0         ;
;                                             ;           ;
; I/O pins                                    ; 23        ;
; Maximum fan-out node                        ; CLK~input ;
; Maximum fan-out                             ; 32        ;
; Total fan-out                               ; 235       ;
; Average fan-out                             ; 2.40      ;
+---------------------------------------------+-----------+


+-------------------------------------------------------------------------------------------------------------------------------------------------------------------------------------------------------------------------------------------------------+
; Analysis & Synthesis Resource Utilization by Entity                                                                                                                                                                                                   ;
+-----------------------------------------+-------------------+--------------+-------------+--------------+---------+-----------+------+--------------+----------------------------------------------------------------------------------+--------------+
; Compilation Hierarchy Node              ; LC Combinationals ; LC Registers ; Memory Bits ; DSP Elements ; DSP 9x9 ; DSP 18x18 ; Pins ; Virtual Pins ; Full Hierarchy Name                                                              ; Library Name ;
+-----------------------------------------+-------------------+--------------+-------------+--------------+---------+-----------+------+--------------+----------------------------------------------------------------------------------+--------------+
; |REGs                                   ; 20 (0)            ; 32 (0)       ; 0           ; 0            ; 0       ; 0         ; 23   ; 0            ; |REGs                                                                            ; work         ;
;    |Dff_8bit:inst1|                     ; 0 (0)             ; 8 (0)        ; 0           ; 0            ; 0       ; 0         ; 0    ; 0            ; |REGs|Dff_8bit:inst1                                                             ; work         ;
;       |lpm_dff0:inst|                   ; 0 (0)             ; 8 (0)        ; 0           ; 0            ; 0       ; 0         ; 0    ; 0            ; |REGs|Dff_8bit:inst1|lpm_dff0:inst                                               ; work         ;
;          |lpm_ff:lpm_ff_component|      ; 0 (0)             ; 8 (8)        ; 0           ; 0            ; 0       ; 0         ; 0    ; 0            ; |REGs|Dff_8bit:inst1|lpm_dff0:inst|lpm_ff:lpm_ff_component                       ; work         ;
;    |Dff_8bit:inst2|                     ; 0 (0)             ; 8 (0)        ; 0           ; 0            ; 0       ; 0         ; 0    ; 0            ; |REGs|Dff_8bit:inst2                                                             ; work         ;
;       |lpm_dff0:inst|                   ; 0 (0)             ; 8 (0)        ; 0           ; 0            ; 0       ; 0         ; 0    ; 0            ; |REGs|Dff_8bit:inst2|lpm_dff0:inst                                               ; work         ;
;          |lpm_ff:lpm_ff_component|      ; 0 (0)             ; 8 (8)        ; 0           ; 0            ; 0       ; 0         ; 0    ; 0            ; |REGs|Dff_8bit:inst2|lpm_dff0:inst|lpm_ff:lpm_ff_component                       ; work         ;
;    |Dff_8bit:inst4|                     ; 0 (0)             ; 8 (0)        ; 0           ; 0            ; 0       ; 0         ; 0    ; 0            ; |REGs|Dff_8bit:inst4                                                             ; work         ;
;       |lpm_dff0:inst|                   ; 0 (0)             ; 8 (0)        ; 0           ; 0            ; 0       ; 0         ; 0    ; 0            ; |REGs|Dff_8bit:inst4|lpm_dff0:inst                                               ; work         ;
;          |lpm_ff:lpm_ff_component|      ; 0 (0)             ; 8 (8)        ; 0           ; 0            ; 0       ; 0         ; 0    ; 0            ; |REGs|Dff_8bit:inst4|lpm_dff0:inst|lpm_ff:lpm_ff_component                       ; work         ;
;    |Dff_8bit:inst5|                     ; 0 (0)             ; 8 (0)        ; 0           ; 0            ; 0       ; 0         ; 0    ; 0            ; |REGs|Dff_8bit:inst5                                                             ; work         ;
;       |lpm_dff0:inst|                   ; 0 (0)             ; 8 (0)        ; 0           ; 0            ; 0       ; 0         ; 0    ; 0            ; |REGs|Dff_8bit:inst5|lpm_dff0:inst                                               ; work         ;
;          |lpm_ff:lpm_ff_component|      ; 0 (0)             ; 8 (8)        ; 0           ; 0            ; 0       ; 0         ; 0    ; 0            ; |REGs|Dff_8bit:inst5|lpm_dff0:inst|lpm_ff:lpm_ff_component                       ; work         ;
;    |lpm_decode0:inst|                   ; 4 (0)             ; 0 (0)        ; 0           ; 0            ; 0       ; 0         ; 0    ; 0            ; |REGs|lpm_decode0:inst                                                           ; work         ;
;       |lpm_decode:lpm_decode_component| ; 4 (0)             ; 0 (0)        ; 0           ; 0            ; 0       ; 0         ; 0    ; 0            ; |REGs|lpm_decode0:inst|lpm_decode:lpm_decode_component                           ; work         ;
;          |decode_7uf:auto_generated|    ; 4 (4)             ; 0 (0)        ; 0           ; 0            ; 0       ; 0         ; 0    ; 0            ; |REGs|lpm_decode0:inst|lpm_decode:lpm_decode_component|decode_7uf:auto_generated ; work         ;
;    |lpm_mux3:inst6|                     ; 16 (0)            ; 0 (0)        ; 0           ; 0            ; 0       ; 0         ; 0    ; 0            ; |REGs|lpm_mux3:inst6                                                             ;              ;
;       |lpm_mux:lpm_mux_component|       ; 16 (0)            ; 0 (0)        ; 0           ; 0            ; 0       ; 0         ; 0    ; 0            ; |REGs|lpm_mux3:inst6|lpm_mux:lpm_mux_component                                   ; work         ;
;          |mux_8qc:auto_generated|       ; 16 (16)           ; 0 (0)        ; 0           ; 0            ; 0       ; 0         ; 0    ; 0            ; |REGs|lpm_mux3:inst6|lpm_mux:lpm_mux_component|mux_8qc:auto_generated            ; work         ;
+-----------------------------------------+-------------------+--------------+-------------+--------------+---------+-----------+------+--------------+----------------------------------------------------------------------------------+--------------+
Note: For table entries with two numbers listed, the numbers in parentheses indicate the number of resources of the given type used by the specific entity alone. The numbers listed outside of parentheses indicate the total resources of the given type used by the specific entity and all of its sub-entities in the hierarchy.


+------------------------------------------------------+
; General Register Statistics                          ;
+----------------------------------------------+-------+
; Statistic                                    ; Value ;
+----------------------------------------------+-------+
; Total registers                              ; 32    ;
; Number of registers using Synchronous Clear  ; 0     ;
; Number of registers using Synchronous Load   ; 0     ;
; Number of registers using Asynchronous Clear ; 32    ;
; Number of registers using Asynchronous Load  ; 0     ;
; Number of registers using Clock Enable       ; 32    ;
; Number of registers using Preset             ; 0     ;
+----------------------------------------------+-------+


+---------------------------------------------------------------------------------------+
; Parameter Settings for User Entity Instance: lpm_mux3:inst6|lpm_mux:lpm_mux_component ;
+------------------------+-------------+------------------------------------------------+
; Parameter Name         ; Value       ; Type                                           ;
+------------------------+-------------+------------------------------------------------+
; AUTO_CARRY_CHAINS      ; ON          ; AUTO_CARRY                                     ;
; IGNORE_CARRY_BUFFERS   ; OFF         ; IGNORE_CARRY                                   ;
; AUTO_CASCADE_CHAINS    ; ON          ; AUTO_CASCADE                                   ;
; IGNORE_CASCADE_BUFFERS ; OFF         ; IGNORE_CASCADE                                 ;
; LPM_WIDTH              ; 8           ; Untyped                                        ;
; LPM_SIZE               ; 4           ; Untyped                                        ;
; LPM_WIDTHS             ; 2           ; Untyped                                        ;
; LPM_PIPELINE           ; 0           ; Untyped                                        ;
; CBXI_PARAMETER         ; mux_8qc     ; Untyped                                        ;
; DEVICE_FAMILY          ; Cyclone III ; Untyped                                        ;
+------------------------+-------------+------------------------------------------------+
Note: In order to hide this table in the UI and the text report file, please set the "Show Parameter Settings Tables in Synthesis Report" option in "Analysis and Synthesis Settings -> More Settings" to "Off".


+---------------------------------------------------------------------------------------------------+
; Parameter Settings for User Entity Instance: Dff_8bit:inst1|lpm_dff0:inst|lpm_ff:lpm_ff_component ;
+------------------------+-------------+------------------------------------------------------------+
; Parameter Name         ; Value       ; Type                                                       ;
+------------------------+-------------+------------------------------------------------------------+
; LPM_WIDTH              ; 8           ; Untyped                                                    ;
; LPM_AVALUE             ; UNUSED      ; Untyped                                                    ;
; LPM_SVALUE             ; UNUSED      ; Untyped                                                    ;
; LPM_FFTYPE             ; DFF         ; Untyped                                                    ;
; DEVICE_FAMILY          ; Cyclone III ; Untyped                                                    ;
; CBXI_PARAMETER         ; NOTHING     ; Untyped                                                    ;
; AUTO_CARRY_CHAINS      ; ON          ; AUTO_CARRY                                                 ;
; IGNORE_CARRY_BUFFERS   ; OFF         ; IGNORE_CARRY                                               ;
; AUTO_CASCADE_CHAINS    ; ON          ; AUTO_CASCADE                                               ;
; IGNORE_CASCADE_BUFFERS ; OFF         ; IGNORE_CASCADE                                             ;
+------------------------+-------------+------------------------------------------------------------+
Note: In order to hide this table in the UI and the text report file, please set the "Show Parameter Settings Tables in Synthesis Report" option in "Analysis and Synthesis Settings -> More Settings" to "Off".


+-----------------------------------------------------------------------------------------------+
; Parameter Settings for User Entity Instance: lpm_decode0:inst|lpm_decode:lpm_decode_component ;
+------------------------+-------------+--------------------------------------------------------+
; Parameter Name         ; Value       ; Type                                                   ;
+------------------------+-------------+--------------------------------------------------------+
; LPM_WIDTH              ; 2           ; Untyped                                                ;
; LPM_DECODES            ; 4           ; Untyped                                                ;
; LPM_PIPELINE           ; 0           ; Untyped                                                ;
; CASCADE_CHAIN          ; MANUAL      ; Untyped                                                ;
; DEVICE_FAMILY          ; Cyclone III ; Untyped                                                ;
; CBXI_PARAMETER         ; decode_7uf  ; Untyped                                                ;
; AUTO_CARRY_CHAINS      ; ON          ; AUTO_CARRY                                             ;
; IGNORE_CARRY_BUFFERS   ; OFF         ; IGNORE_CARRY                                           ;
; AUTO_CASCADE_CHAINS    ; ON          ; AUTO_CASCADE                                           ;
; IGNORE_CASCADE_BUFFERS ; OFF         ; IGNORE_CASCADE                                         ;
+------------------------+-------------+--------------------------------------------------------+
Note: In order to hide this table in the UI and the text report file, please set the "Show Parameter Settings Tables in Synthesis Report" option in "Analysis and Synthesis Settings -> More Settings" to "Off".


+---------------------------------------------------------------------------------------------------+
; Parameter Settings for User Entity Instance: Dff_8bit:inst2|lpm_dff0:inst|lpm_ff:lpm_ff_component ;
+------------------------+-------------+------------------------------------------------------------+
; Parameter Name         ; Value       ; Type                                                       ;
+------------------------+-------------+------------------------------------------------------------+
; LPM_WIDTH              ; 8           ; Untyped                                                    ;
; LPM_AVALUE             ; UNUSED      ; Untyped                                                    ;
; LPM_SVALUE             ; UNUSED      ; Untyped                                                    ;
; LPM_FFTYPE             ; DFF         ; Untyped                                                    ;
; DEVICE_FAMILY          ; Cyclone III ; Untyped                                                    ;
; CBXI_PARAMETER         ; NOTHING     ; Untyped                                                    ;
; AUTO_CARRY_CHAINS      ; ON          ; AUTO_CARRY                                                 ;
; IGNORE_CARRY_BUFFERS   ; OFF         ; IGNORE_CARRY                                               ;
; AUTO_CASCADE_CHAINS    ; ON          ; AUTO_CASCADE                                               ;
; IGNORE_CASCADE_BUFFERS ; OFF         ; IGNORE_CASCADE                                             ;
+------------------------+-------------+------------------------------------------------------------+
Note: In order to hide this table in the UI and the text report file, please set the "Show Parameter Settings Tables in Synthesis Report" option in "Analysis and Synthesis Settings -> More Settings" to "Off".


+---------------------------------------------------------------------------------------------------+
; Parameter Settings for User Entity Instance: Dff_8bit:inst4|lpm_dff0:inst|lpm_ff:lpm_ff_component ;
+------------------------+-------------+------------------------------------------------------------+
; Parameter Name         ; Value       ; Type                                                       ;
+------------------------+-------------+------------------------------------------------------------+
; LPM_WIDTH              ; 8           ; Untyped                                                    ;
; LPM_AVALUE             ; UNUSED      ; Untyped                                                    ;
; LPM_SVALUE             ; UNUSED      ; Untyped                                                    ;
; LPM_FFTYPE             ; DFF         ; Untyped                                                    ;
; DEVICE_FAMILY          ; Cyclone III ; Untyped                                                    ;
; CBXI_PARAMETER         ; NOTHING     ; Untyped                                                    ;
; AUTO_CARRY_CHAINS      ; ON          ; AUTO_CARRY                                                 ;
; IGNORE_CARRY_BUFFERS   ; OFF         ; IGNORE_CARRY                                               ;
; AUTO_CASCADE_CHAINS    ; ON          ; AUTO_CASCADE                                               ;
; IGNORE_CASCADE_BUFFERS ; OFF         ; IGNORE_CASCADE                                             ;
+------------------------+-------------+------------------------------------------------------------+
Note: In order to hide this table in the UI and the text report file, please set the "Show Parameter Settings Tables in Synthesis Report" option in "Analysis and Synthesis Settings -> More Settings" to "Off".


+---------------------------------------------------------------------------------------------------+
; Parameter Settings for User Entity Instance: Dff_8bit:inst5|lpm_dff0:inst|lpm_ff:lpm_ff_component ;
+------------------------+-------------+------------------------------------------------------------+
; Parameter Name         ; Value       ; Type                                                       ;
+------------------------+-------------+------------------------------------------------------------+
; LPM_WIDTH              ; 8           ; Untyped                                                    ;
; LPM_AVALUE             ; UNUSED      ; Untyped                                                    ;
; LPM_SVALUE             ; UNUSED      ; Untyped                                                    ;
; LPM_FFTYPE             ; DFF         ; Untyped                                                    ;
; DEVICE_FAMILY          ; Cyclone III ; Untyped                                                    ;
; CBXI_PARAMETER         ; NOTHING     ; Untyped                                                    ;
; AUTO_CARRY_CHAINS      ; ON          ; AUTO_CARRY                                                 ;
; IGNORE_CARRY_BUFFERS   ; OFF         ; IGNORE_CARRY                                               ;
; AUTO_CASCADE_CHAINS    ; ON          ; AUTO_CASCADE                                               ;
; IGNORE_CASCADE_BUFFERS ; OFF         ; IGNORE_CASCADE                                             ;
+------------------------+-------------+------------------------------------------------------------+
Note: In order to hide this table in the UI and the text report file, please set the "Show Parameter Settings Tables in Synthesis Report" option in "Analysis and Synthesis Settings -> More Settings" to "Off".


+-------------------------------+
; Analysis & Synthesis Messages ;
+-------------------------------+
Info: *******************************************************************
Info: Running Quartus II Analysis & Synthesis
    Info: Version 9.1 Build 350 03/24/2010 Service Pack 2 SJ Web Edition
    Info: Processing started: Tue Sep 13 21:46:48 2022
Info: Command: quartus_map --read_settings_files=on --write_settings_files=off COExp -c COExp
Info: Found 1 design units, including 1 entities, in source file dff_8bit.bdf
    Info: Found entity 1: Dff_8bit
Info: Found 1 design units, including 1 entities, in source file regs.bdf
    Info: Found entity 1: REGs
Info: Elaborating entity "REGs" for the top level hierarchy
Warning: Using design file lpm_mux3.tdf, which is not specified as a design file for the current project, but contains definitions for 1 design units and 1 entities in project
    Info: Found entity 1: lpm_mux3
Info: Elaborating entity "lpm_mux3" for hierarchy "lpm_mux3:inst6"
Info: Elaborating entity "lpm_mux" for hierarchy "lpm_mux3:inst6|lpm_mux:lpm_mux_component"
Info: Elaborated megafunction instantiation "lpm_mux3:inst6|lpm_mux:lpm_mux_component"
Info: Instantiated megafunction "lpm_mux3:inst6|lpm_mux:lpm_mux_component" with the following parameter:
    Info: Parameter "LPM_TYPE" = "LPM_MUX"
    Info: Parameter "LPM_WIDTH" = "8"
    Info: Parameter "LPM_SIZE" = "4"
    Info: Parameter "LPM_WIDTHS" = "2"
Info: Found 1 design units, including 1 entities, in source file db/mux_8qc.tdf
    Info: Found entity 1: mux_8qc
Info: Elaborating entity "mux_8qc" for hierarchy "lpm_mux3:inst6|lpm_mux:lpm_mux_component|mux_8qc:auto_generated"
Info: Elaborating entity "Dff_8bit" for hierarchy "Dff_8bit:inst1"
Warning: Using design file lpm_dff0.tdf, which is not specified as a design file for the current project, but contains definitions for 1 design units and 1 entities in project
    Info: Found entity 1: lpm_dff0
Info: Elaborating entity "lpm_dff0" for hierarchy "Dff_8bit:inst1|lpm_dff0:inst"
Info: Elaborating entity "lpm_ff" for hierarchy "Dff_8bit:inst1|lpm_dff0:inst|lpm_ff:lpm_ff_component"
Info: Elaborated megafunction instantiation "Dff_8bit:inst1|lpm_dff0:inst|lpm_ff:lpm_ff_component"
Info: Instantiated megafunction "Dff_8bit:inst1|lpm_dff0:inst|lpm_ff:lpm_ff_component" with the following parameter:
    Info: Parameter "LPM_TYPE" = "LPM_FF"
    Info: Parameter "LPM_WIDTH" = "8"
    Info: Parameter "LPM_FFTYPE" = "DFF"
Warning: Using design file lpm_decode0.tdf, which is not specified as a design file for the current project, but contains definitions for 1 design units and 1 entities in project
    Info: Found entity 1: lpm_decode0
Info: Elaborating entity "lpm_decode0" for hierarchy "lpm_decode0:inst"
Info: Elaborating entity "lpm_decode" for hierarchy "lpm_decode0:inst|lpm_decode:lpm_decode_component"
Info: Elaborated megafunction instantiation "lpm_decode0:inst|lpm_decode:lpm_decode_component"
Info: Instantiated megafunction "lpm_decode0:inst|lpm_decode:lpm_decode_component" with the following parameter:
    Info: Parameter "LPM_TYPE" = "LPM_DECODE"
    Info: Parameter "LPM_WIDTH" = "2"
    Info: Parameter "LPM_DECODES" = "4"
Info: Found 1 design units, including 1 entities, in source file db/decode_7uf.tdf
    Info: Found entity 1: decode_7uf
Info: Elaborating entity "decode_7uf" for hierarchy "lpm_decode0:inst|lpm_decode:lpm_decode_component|decode_7uf:auto_generated"
Info: Timing-Driven Synthesis is running
Warning: Ignored assignments for entity "COExp" -- entity does not exist in design
    Warning: Assignment for entity set_global_assignment -name LL_ROOT_REGION ON -entity COExp -section_id "Root Region" was ignored
    Warning: Assignment for entity set_global_assignment -name LL_MEMBER_STATE LOCKED -entity COExp -section_id "Root Region" was ignored
Info: Implemented 75 device resources after synthesis - the final resource count might be different
    Info: Implemented 15 input pins
    Info: Implemented 8 output pins
    Info: Implemented 52 logic cells
Info: Quartus II Analysis & Synthesis was successful. 0 errors, 6 warnings
    Info: Peak virtual memory: 249 megabytes
    Info: Processing ended: Tue Sep 13 21:46:49 2022
    Info: Elapsed time: 00:00:01
    Info: Total CPU time (on all processors): 00:00:01


